C:\USERS\A.BRANEV.PROGRESSBG\DOCUMENTS\VISUAL STUDIO 2012\PROJECTS\THE PROJECT\THE PROJECT\DEBUG\VC110.PDB
C:\USERS\A.BRANEV.PROGRESSBG\DOCUMENTS\VISUAL STUDIO 2012\PROJECTS\THE PROJECT\THE PROJECT\DEBUG\THE PROJECT.OBJ
C:\USERS\A.BRANEV.PROGRESSBG\DOCUMENTS\VISUAL STUDIO 2012\PROJECTS\THE PROJECT\THE PROJECT\DEBUG\EXCEPTION.OBJ
C:\USERS\A.BRANEV.PROGRESSBG\DOCUMENTS\VISUAL STUDIO 2012\PROJECTS\THE PROJECT\THE PROJECT\DEBUG\LIQUIDS.OBJ
C:\USERS\A.BRANEV.PROGRESSBG\DOCUMENTS\VISUAL STUDIO 2012\PROJECTS\THE PROJECT\THE PROJECT\DEBUG\RAWREADER.OBJ
C:\USERS\A.BRANEV.PROGRESSBG\DOCUMENTS\VISUAL STUDIO 2012\PROJECTS\THE PROJECT\DEBUG\THE PROJECT.ILK
C:\USERS\A.BRANEV.PROGRESSBG\DOCUMENTS\VISUAL STUDIO 2012\PROJECTS\THE PROJECT\DEBUG\THE PROJECT.EXE
C:\USERS\A.BRANEV.PROGRESSBG\DOCUMENTS\VISUAL STUDIO 2012\PROJECTS\THE PROJECT\DEBUG\THE PROJECT.PDB
C:\Users\a.branev.PROGRESSBG\documents\visual studio 2012\Projects\The Project\The Project\Debug\Bitmask.obj
C:\Users\a.branev.PROGRESSBG\documents\visual studio 2012\Projects\The Project\The Project\Debug\exception.obj
C:\Users\a.branev.PROGRESSBG\documents\visual studio 2012\Projects\The Project\The Project\Debug\Integer.obj
C:\Users\a.branev.PROGRESSBG\documents\visual studio 2012\Projects\The Project\The Project\Debug\Liquids.obj
C:\Users\a.branev.PROGRESSBG\documents\visual studio 2012\Projects\The Project\The Project\Debug\RawReader.obj
C:\Users\a.branev.PROGRESSBG\documents\visual studio 2012\Projects\The Project\The Project\Debug\Stack.obj
C:\Users\a.branev.PROGRESSBG\documents\visual studio 2012\Projects\The Project\The Project\Debug\stdafx.obj
C:\Users\a.branev.PROGRESSBG\documents\visual studio 2012\Projects\The Project\The Project\Debug\The Project.obj
C:\Users\a.branev.PROGRESSBG\documents\visual studio 2012\Projects\The Project\The Project\Debug\cl.command.1.tlog
C:\Users\a.branev.PROGRESSBG\documents\visual studio 2012\Projects\The Project\The Project\Debug\CL.read.1.tlog
C:\Users\a.branev.PROGRESSBG\documents\visual studio 2012\Projects\The Project\The Project\Debug\CL.write.1.tlog
C:\Users\a.branev.PROGRESSBG\documents\visual studio 2012\Projects\The Project\The Project\Debug\link-cvtres.read.1.tlog
C:\Users\a.branev.PROGRESSBG\documents\visual studio 2012\Projects\The Project\The Project\Debug\link-cvtres.write.1.tlog
C:\Users\a.branev.PROGRESSBG\documents\visual studio 2012\Projects\The Project\The Project\Debug\link-rc.read.1.tlog
C:\Users\a.branev.PROGRESSBG\documents\visual studio 2012\Projects\The Project\The Project\Debug\link-rc.write.1.tlog
C:\Users\a.branev.PROGRESSBG\documents\visual studio 2012\Projects\The Project\The Project\Debug\link.3808-cvtres.read.1.tlog
C:\Users\a.branev.PROGRESSBG\documents\visual studio 2012\Projects\The Project\The Project\Debug\link.3808-cvtres.write.1.tlog
C:\Users\a.branev.PROGRESSBG\documents\visual studio 2012\Projects\The Project\The Project\Debug\link.3808-rc.read.1.tlog
C:\Users\a.branev.PROGRESSBG\documents\visual studio 2012\Projects\The Project\The Project\Debug\link.3808-rc.write.1.tlog
C:\Users\a.branev.PROGRESSBG\documents\visual studio 2012\Projects\The Project\The Project\Debug\link.3808.read.1.tlog
C:\Users\a.branev.PROGRESSBG\documents\visual studio 2012\Projects\The Project\The Project\Debug\link.3808.write.1.tlog
C:\Users\a.branev.PROGRESSBG\documents\visual studio 2012\Projects\The Project\The Project\Debug\link.3860-cvtres.read.1.tlog
C:\Users\a.branev.PROGRESSBG\documents\visual studio 2012\Projects\The Project\The Project\Debug\link.3860-cvtres.write.1.tlog
C:\Users\a.branev.PROGRESSBG\documents\visual studio 2012\Projects\The Project\The Project\Debug\link.3860-rc.read.1.tlog
C:\Users\a.branev.PROGRESSBG\documents\visual studio 2012\Projects\The Project\The Project\Debug\link.3860-rc.write.1.tlog
C:\Users\a.branev.PROGRESSBG\documents\visual studio 2012\Projects\The Project\The Project\Debug\link.3860.read.1.tlog
C:\Users\a.branev.PROGRESSBG\documents\visual studio 2012\Projects\The Project\The Project\Debug\link.3860.write.1.tlog
C:\Users\a.branev.PROGRESSBG\documents\visual studio 2012\Projects\The Project\The Project\Debug\link.7000-cvtres.read.1.tlog
C:\Users\a.branev.PROGRESSBG\documents\visual studio 2012\Projects\The Project\The Project\Debug\link.7000-cvtres.write.1.tlog
C:\Users\a.branev.PROGRESSBG\documents\visual studio 2012\Projects\The Project\The Project\Debug\link.7000-rc.read.1.tlog
C:\Users\a.branev.PROGRESSBG\documents\visual studio 2012\Projects\The Project\The Project\Debug\link.7000-rc.write.1.tlog
C:\Users\a.branev.PROGRESSBG\documents\visual studio 2012\Projects\The Project\The Project\Debug\link.7000.read.1.tlog
C:\Users\a.branev.PROGRESSBG\documents\visual studio 2012\Projects\The Project\The Project\Debug\link.7000.write.1.tlog
C:\Users\a.branev.PROGRESSBG\documents\visual studio 2012\Projects\The Project\The Project\Debug\link.command.1.tlog
C:\Users\a.branev.PROGRESSBG\documents\visual studio 2012\Projects\The Project\The Project\Debug\link.read.1.tlog
C:\Users\a.branev.PROGRESSBG\documents\visual studio 2012\Projects\The Project\The Project\Debug\link.write.1.tlog
C:\Users\a.branev.PROGRESSBG\documents\visual studio 2012\Projects\The Project\The Project\Debug\vc110.idb
C:\Users\a.branev.PROGRESSBG\documents\visual studio 2012\Projects\The Project\The Project\Debug\vc110.pdb
C:\Users\a.branev.PROGRESSBG\documents\visual studio 2012\Projects\The Project\Debug\The Project.pdb
C:\Users\a.branev.PROGRESSBG\documents\visual studio 2012\Projects\The Project\Debug\The Project.exe
C:\Users\a.branev.PROGRESSBG\documents\visual studio 2012\Projects\The Project\Debug\The Project.ilk
